<?xml version="1.0" encoding="UTF-8"?>
<coverage generated="1507123207587" clover="3.2.0">
  <project timestamp="1507123207588" name="All files">
    <metrics statements="16" coveredstatements="8" conditionals="4" coveredconditionals="2" methods="9" coveredmethods="3" elements="29" coveredelements="13" complexity="0" loc="16" ncloc="16" packages="2" files="2" classes="2">
      <package name="components">
        <metrics statements="5" coveredstatements="5" conditionals="4" coveredconditionals="2" methods="2" coveredmethods="2"/>
        <file name="Primitives.js" path="/Users/PrimeJarvez/Dropbox/WebstormProjects/Json-object-traverser/app/components/Primitives.js">
          <metrics statements="5" coveredstatements="5" conditionals="4" coveredconditionals="2" methods="2" coveredmethods="2"/>
          <line num="6" count="1" type="stmt"/>
          <line num="8" count="2" type="stmt"/>
          <line num="9" count="2" type="cond" truecount="1" falsecount="1"/>
          <line num="11" count="2" type="stmt"/>
          <line num="45" count="1" type="stmt"/>
        </file>
      </package>
      <package name="parser">
        <metrics statements="11" coveredstatements="3" conditionals="0" coveredconditionals="0" methods="7" coveredmethods="1"/>
        <file name="demo.js" path="/Users/PrimeJarvez/Dropbox/WebstormProjects/Json-object-traverser/app/parser/demo.js">
          <metrics statements="11" coveredstatements="3" conditionals="0" coveredconditionals="0" methods="7" coveredmethods="1"/>
          <line num="4" count="1" type="stmt"/>
          <line num="7" count="0" type="stmt"/>
          <line num="8" count="0" type="stmt"/>
          <line num="11" count="0" type="stmt"/>
          <line num="12" count="0" type="stmt"/>
          <line num="13" count="0" type="stmt"/>
          <line num="14" count="0" type="stmt"/>
          <line num="18" count="0" type="stmt"/>
          <line num="19" count="0" type="stmt"/>
          <line num="23" count="2" type="stmt"/>
          <line num="24" count="2" type="stmt"/>
        </file>
      </package>
    </metrics>
  </project>
</coverage>
