{"/Users/PrimeJarvez/Dropbox/WebstormProjects/Json-object-traverser/app/components/Primitives.js": {"path":"/Users/PrimeJarvez/Dropbox/WebstormProjects/Json-object-traverser/app/components/Primitives.js","statementMap":{"0":{"start":{"line":6,"column":18},"end":{"line":44,"column":1}},"1":{"start":{"line":8,"column":16},"end":{"line":8,"column":34}},"2":{"start":{"line":9,"column":4},"end":{"line":9,"column":53}},"3":{"start":{"line":11,"column":2},"end":{"line":43,"column":4}},"4":{"start":{"line":45,"column":0},"end":{"line":56,"column":2}}},"fnMap":{"0":{"name":"(anonymous_0)","decl":{"start":{"line":6,"column":18},"end":{"line":6,"column":19}},"loc":{"start":{"line":6,"column":29},"end":{"line":44,"column":1}},"line":6},"1":{"name":"linkify","decl":{"start":{"line":7,"column":11},"end":{"line":7,"column":18}},"loc":{"start":{"line":7,"column":27},"end":{"line":10,"column":3}},"line":7}},"branchMap":{"0":{"loc":{"start":{"line":9,"column":11},"end":{"line":9,"column":52}},"type":"cond-expr","locations":[{"start":{"line":9,"column":30},"end":{"line":9,"column":43}},{"start":{"line":9,"column":46},"end":{"line":9,"column":52}}],"line":9},"1":{"loc":{"start":{"line":24,"column":45},"end":{"line":26,"column":39}},"type":"cond-expr","locations":[{"start":{"line":25,"column":18},"end":{"line":25,"column":39}},{"start":{"line":26,"column":18},"end":{"line":26,"column":39}}],"line":24}},"s":{"0":1,"1":2,"2":2,"3":2,"4":1},"f":{"0":2,"1":2},"b":{"0":[0,2],"1":[0,2]},"_coverageSchema":"332fd63041d2c1bcb487cc26dd0d5f7d97098a6c","hash":"7669de5035ae6b09ffb13d3384df18523e6a7ac5"}
,"/Users/PrimeJarvez/Dropbox/WebstormProjects/Json-object-traverser/app/parser/demo.js": {"path":"/Users/PrimeJarvez/Dropbox/WebstormProjects/Json-object-traverser/app/parser/demo.js","statementMap":{"0":{"start":{"line":4,"column":12},"end":{"line":4,"column":51}},"1":{"start":{"line":7,"column":17},"end":{"line":7,"column":57}},"2":{"start":{"line":8,"column":2},"end":{"line":8,"column":59}},"3":{"start":{"line":11,"column":16},"end":{"line":11,"column":26}},"4":{"start":{"line":12,"column":2},"end":{"line":14,"column":23}},"5":{"start":{"line":13,"column":22},"end":{"line":13,"column":35}},"6":{"start":{"line":14,"column":18},"end":{"line":14,"column":21}},"7":{"start":{"line":18,"column":2},"end":{"line":19,"column":37}},"8":{"start":{"line":19,"column":22},"end":{"line":19,"column":35}},"9":{"start":{"line":23,"column":16},"end":{"line":23,"column":95}},"10":{"start":{"line":24,"column":2},"end":{"line":24,"column":25}}},"fnMap":{"0":{"name":"category","decl":{"start":{"line":6,"column":9},"end":{"line":6,"column":17}},"loc":{"start":{"line":6,"column":20},"end":{"line":9,"column":1}},"line":6},"1":{"name":"getJson","decl":{"start":{"line":10,"column":16},"end":{"line":10,"column":23}},"loc":{"start":{"line":10,"column":26},"end":{"line":15,"column":1}},"line":10},"2":{"name":"(anonymous_2)","decl":{"start":{"line":13,"column":10},"end":{"line":13,"column":11}},"loc":{"start":{"line":13,"column":22},"end":{"line":13,"column":35}},"line":13},"3":{"name":"(anonymous_3)","decl":{"start":{"line":14,"column":11},"end":{"line":14,"column":12}},"loc":{"start":{"line":14,"column":18},"end":{"line":14,"column":21}},"line":14},"4":{"name":"fetchRequestedUrl","decl":{"start":{"line":17,"column":16},"end":{"line":17,"column":33}},"loc":{"start":{"line":17,"column":39},"end":{"line":20,"column":1}},"line":17},"5":{"name":"(anonymous_5)","decl":{"start":{"line":19,"column":10},"end":{"line":19,"column":11}},"loc":{"start":{"line":19,"column":22},"end":{"line":19,"column":35}},"line":19},"6":{"name":"validUrl","decl":{"start":{"line":22,"column":16},"end":{"line":22,"column":24}},"loc":{"start":{"line":22,"column":30},"end":{"line":25,"column":1}},"line":22}},"branchMap":{},"s":{"0":1,"1":0,"2":0,"3":0,"4":0,"5":0,"6":0,"7":0,"8":0,"9":2,"10":2},"f":{"0":0,"1":0,"2":0,"3":0,"4":0,"5":0,"6":2},"b":{},"_coverageSchema":"332fd63041d2c1bcb487cc26dd0d5f7d97098a6c","hash":"382879d4b7cc11d7fbf1b1689dbb0cb78da4f858"}
}
