TN:
SF:/Users/PrimeJarvez/Dropbox/WebstormProjects/Json-object-traverser/app/components/Primitives.js
FN:6,(anonymous_0)
FN:7,linkify
FNF:2
FNH:2
FNDA:2,(anonymous_0)
FNDA:2,linkify
DA:6,1
DA:8,2
DA:9,2
DA:11,2
DA:45,1
LF:5
LH:5
BRDA:9,0,0,0
BRDA:9,0,1,2
BRDA:24,1,0,0
BRDA:24,1,1,2
BRF:4
BRH:2
end_of_record
TN:
SF:/Users/PrimeJarvez/Dropbox/WebstormProjects/Json-object-traverser/app/parser/demo.js
FN:6,category
FN:10,getJson
FN:13,(anonymous_2)
FN:14,(anonymous_3)
FN:17,fetchRequestedUrl
FN:19,(anonymous_5)
FN:22,validUrl
FNF:7
FNH:1
FNDA:0,category
FNDA:0,getJson
FNDA:0,(anonymous_2)
FNDA:0,(anonymous_3)
FNDA:0,fetchRequestedUrl
FNDA:0,(anonymous_5)
FNDA:2,validUrl
DA:4,1
DA:7,0
DA:8,0
DA:11,0
DA:12,0
DA:13,0
DA:14,0
DA:18,0
DA:19,0
DA:23,2
DA:24,2
LF:11
LH:3
BRF:0
BRH:0
end_of_record
